[0;92mWails CLI[0m [0;31mv2.12.0[0m

[0;92mExecuting: go mod tidy[0m
  [90m[90m•[0m[0m [39m[39mGenerating bindings: [0m[0mDone.
  [90m[90m•[0m[0m [39m[39mInstalling frontend dependencies: [0m[0mDone.
  [90m[90m•[0m[0m [39m[39mCompiling frontend: [0m[0mDone.

> quant-stock-desktop-frontend@0.1.0 dev
> vite --host 127.0.0.1


  VITE v8.0.15  ready in 57 ms

[0;92mVite Server URL: http://127.0.0.1:5173/[0m
  ➜  Local:   http://127.0.0.1:5173/
[0;92mRunning frontend DevWatcher command: 'npm run dev'[0m
Building application for development...
  [90m[90m•[0m[0m [39m[39mGenerating bindings: [0m[0mDone.
  [90m[90m•[0m[0m [39m[39mCompiling application: [0m[0m
[0;91mBuild error - signal: interrupt[0m
[0;33mNo version running, build will be retriggered as soon as changes have been detected[0m
[0;92mUsing DevServer URL: http://localhost:34115[0m
[0;92mUsing Frontend DevServer URL: http://127.0.0.1:5173/[0m
[0;92mUsing reload debounce setting of 100 milliseconds[0m
[0;92mWatching (sub)/directory: /Users/tiger/GolandProjects/lh/quant_stock_desktop[0m
[0;92m
Caught quit[0m
[0;92mDevelopment mode exited[0m
[31;107m[31;107m ♥  [0m[0m [92m[92mIf Wails is useful to you or your company, please consider sponsoring the project:[0m[0m
https://github.com/sponsors/leaanthony
